0 info it worked if it ends with ok
1 verbose cli [
1 verbose cli   'C:\\Program Files\\nodejs\\node.exe',
1 verbose cli   'C:\\Users\\vigya\\AppData\\Roaming\\npm\\node_modules\\npm\\bin\\npm-cli.js',
1 verbose cli   'start'
1 verbose cli ]
2 info using npm@3.8.9
3 info using node@v12.14.1
4 verbose run-script [ 'prestart', 'start', 'poststart' ]
5 info lifecycle sampleapp@1.0.0~prestart: sampleapp@1.0.0
6 silly lifecycle sampleapp@1.0.0~prestart: no script for prestart, continuing
7 info lifecycle sampleapp@1.0.0~start: sampleapp@1.0.0
8 verbose lifecycle sampleapp@1.0.0~start: unsafe-perm in lifecycle true
9 verbose lifecycle sampleapp@1.0.0~start: PATH: C:\Users\vigya\AppData\Roaming\npm\node_modules\npm\bin\node-gyp-bin;C:\Users\vigya\Desktop\node_examples\react\node_modules\.bin;C:\Program Files\nodejs;C:\Program Files (x86)\Common Files\Oracle\Java\javapath;C:\Program Files\ImageMagick-7.0.5-Q16;C:\Python27\;C:\Python27\Scripts;C:\WINDOWS\system32;C:\WINDOWS;C:\WINDOWS\System32\Wbem;C:\WINDOWS\System32\WindowsPowerShell\v1.0\;C:\Program Files\TortoiseSVN\bin;C:\Program Files\Git\cmd;C:\ProgramData\chocolatey\bin;C:\Program Files (x86)\Yarn\bin;C:\WINDOWS\System32\OpenSSH\;C:\Program Files (x86)\Calibre2\;C:\Program Files\nodejs\;C:\Users\vigya\AppData\Local\Microsoft\WindowsApps;C:\Users\vigya\AppData\Local\atom\bin;C:\Users\vigya\AppData\Local\Android\sdk\platform-tools;C:\Users\vigya\AppData\Local\Android\sdk\tools;C:\Users\vigya\AppData\Local\Yarn\.bin;C:\Users\vigya\AppData\Local\Microsoft\WindowsApps;C:\Users\vigya\Desktop\flutter\bin;C:\Program Files\Java\jdk-10.0.1\bin;C:\Users\vigya\AppData\Roaming\npm
10 verbose lifecycle sampleapp@1.0.0~start: CWD: C:\Users\vigya\Desktop\node_examples\react
11 silly lifecycle sampleapp@1.0.0~start: Args: [ '/d /s /c', 'npx webpack-dev-server --mode development' ]
12 silly lifecycle sampleapp@1.0.0~start: Returned: code: 1  signal: null
13 info lifecycle sampleapp@1.0.0~start: Failed to exec start script
14 verbose stack Error: sampleapp@1.0.0 start: `npx webpack-dev-server --mode development`
14 verbose stack Exit status 1
14 verbose stack     at EventEmitter.<anonymous> (C:\Users\vigya\AppData\Roaming\npm\node_modules\npm\lib\utils\lifecycle.js:245:16)
14 verbose stack     at EventEmitter.emit (events.js:223:5)
14 verbose stack     at ChildProcess.<anonymous> (C:\Users\vigya\AppData\Roaming\npm\node_modules\npm\lib\utils\spawn.js:24:14)
14 verbose stack     at ChildProcess.emit (events.js:223:5)
14 verbose stack     at maybeClose (internal/child_process.js:1021:16)
14 verbose stack     at Process.ChildProcess._handle.onexit (internal/child_process.js:283:5)
15 verbose pkgid sampleapp@1.0.0
16 verbose cwd C:\Users\vigya\Desktop\node_examples\react
17 error Windows_NT 10.0.18362
18 error argv "C:\\Program Files\\nodejs\\node.exe" "C:\\Users\\vigya\\AppData\\Roaming\\npm\\node_modules\\npm\\bin\\npm-cli.js" "start"
19 error node v12.14.1
20 error npm  v3.8.9
21 error code ELIFECYCLE
22 error sampleapp@1.0.0 start: `npx webpack-dev-server --mode development`
22 error Exit status 1
23 error Failed at the sampleapp@1.0.0 start script 'npx webpack-dev-server --mode development'.
23 error Make sure you have the latest version of node.js and npm installed.
23 error If you do, this is most likely a problem with the sampleapp package,
23 error not with npm itself.
23 error Tell the author that this fails on your system:
23 error     npx webpack-dev-server --mode development
23 error You can get information on how to open an issue for this project with:
23 error     npm bugs sampleapp
23 error Or if that isn't available, you can get their info via:
23 error     npm owner ls sampleapp
23 error There is likely additional logging output above.
24 verbose exit [ 1, true ]
